[35m[Appium][39m Welcome to Appium v1.22.2
[35m[Appium][39m Non-default server args:
[35m[Appium][39m   port: 57431
[35m[Appium][39m   loglevel: info
[35m[Appium][39m   tmpDir: C:\Users\fakhr\AppData\Local\Temp\\Katalon\Appium\Temp1765615644027
[35m[Appium][39m   chromedriverPort: 57432
[35m[Appium][39m Deprecated server args:
[35m[Appium][39m   [31m--chromedriver-port[39m => --default-capabilities
[35m[Appium][39m Default capabilities, which will be added to each request unless overridden by desired capabilities:
[35m[Appium][39m   chromedriverPort: 57432
[35m[Appium][39m Appium REST http interface listener started on 0.0.0.0:57431
[35m[HTTP][39m [37m-->[39m [37mGET[39m [37m/wd/hub/status[39m
[35m[HTTP][39m [90m{}[39m
[35m[HTTP][39m [37m<-- GET /wd/hub/status [39m[32m200[39m [90m7 ms - 68[39m
[35m[HTTP][39m [90m[39m
[35m[HTTP][39m [37m-->[39m [37mGET[39m [37m/wd/hub/status[39m
[35m[HTTP][39m [90m{}[39m
[35m[HTTP][39m [37m<-- GET /wd/hub/status [39m[32m200[39m [90m2 ms - 68[39m
[35m[HTTP][39m [90m[39m
[35m[HTTP][39m [37m-->[39m [37mPOST[39m [37m/wd/hub/session[39m
[35m[HTTP][39m [90m{"desiredCapabilities":{"appActivity":".Settings","appPackage":"com.android.settings","newCommandTimeout":1800,"platformVersion":"15","automationName":"uiautomator2","autoGrantPermissions":true,"platformName":"Android","udid":"adcb0c2a","deviceName":"Xiaomi 23049PCD8G (Android 15)","platform":"ANDROID","systemPort":8268},"capabilities":{"firstMatch":[{"appium:appActivity":".Settings","appium:appPackage":"com.android.settings","appium:autoGrantPermissions":true,"appium:automationName":"uiautomator2","appium:deviceName":"Xiaomi 23049PCD8G (Android 15)","appium:newCommandTimeout":1800,"platform":"ANDROID","platformName":"android","appium:platformVersion":"15","appium:systemPort":8268,"appium:udid":"adcb0c2a"}]}}[39m
[35m[BaseDriver][39m The following capabilities are not standard capabilities and should have an extension prefix:
[35m[BaseDriver][39m   platform
[35m[BaseDriver][39m   chromedriverPort
[35m[Appium][39m Appium v1.22.2 creating new AndroidUiautomator2Driver (v1.70.1) session
[35m[BaseDriver][39m The following capabilities were provided, but are not recognized by Appium:
[35m[BaseDriver][39m   platform
[35m[BaseDriver][39m Session created with session id: 0d2d6cb8-3cc6-49e4-b7c5-fdc091643e37
[35m[UiAutomator2][39m Starting 'com.android.settings' directly on the device
[35m[ADB][39m Found 1 'build-tools' folders under 'C:\Users\fakhr\.katalon\tools\android_sdk\platform-tools' (newest first):
[35m[ADB][39m     C:/Users/fakhr/.katalon/tools/android_sdk/platform-tools/build-tools/29.0.3
[35m[ADB][39m Using 'adb.exe' from 'C:\Users\fakhr\.katalon\tools\android_sdk\platform-tools\platform-tools\adb.exe'
[35m[AndroidDriver][39m Retrieving device list
[35m[AndroidDriver][39m Using device: adcb0c2a
[35m[ADB][39m Using 'adb.exe' from 'C:\Users\fakhr\.katalon\tools\android_sdk\platform-tools\platform-tools\adb.exe'
[35m[ADB][39m Getting device platform version
[35m[UiAutomator2][39m Relaxing hidden api policy
[35m[AndroidDriver][39m No app sent in, not parsing package/activity
[35m[ADB][39m Using 'apksigner.jar' from 'C:\Users\fakhr\.katalon\tools\android_sdk\platform-tools\build-tools\29.0.3\lib\apksigner.jar'
[35m[ADB][39m 'C:\Users\fakhr\AppData\Roaming\npm\node_modules\appium\node_modules\appium-uiautomator2-server\apks\appium-uiautomator2-server-v4.27.0.apk' is signed with the default certificate
[35m[ADB][39m 'C:\Users\fakhr\AppData\Roaming\npm\node_modules\appium\node_modules\appium-uiautomator2-server\apks\appium-uiautomator2-server-debug-androidTest.apk' is signed with the default certificate
[35m[UiAutomator2][39m Server packages are not going to be (re)installed
[35m[ADB][39m Adding packages ["io.appium.settings","io.appium.uiautomator2.server","io.appium.uiautomator2.server.test"] to Doze whitelist
[35m[UiAutomator2][39m Starting UIAutomator2 server 4.27.0
[35m[UiAutomator2][39m Using UIAutomator2 server from 'C:\Users\fakhr\AppData\Roaming\npm\node_modules\appium\node_modules\appium-uiautomator2-server\apks\appium-uiautomator2-server-v4.27.0.apk' and test from 'C:\Users\fakhr\AppData\Roaming\npm\node_modules\appium\node_modules\appium-uiautomator2-server\apks\appium-uiautomator2-server-debug-androidTest.apk'
[35m[UiAutomator2][39m Waiting up to 30000ms for UiAutomator2 to be online...
[35m[WD Proxy][39m socket hang up
[35m[WD Proxy][39m socket hang up
[35m[WD Proxy][39m Determined the downstream protocol as 'W3C'
[35m[AndroidDriver][39m Screen already unlocked, doing nothing
[35m[UiAutomator2][39m Starting 'com.android.settings/.Settings and waiting for 'com.android.settings/.Settings'
[35m[Appium][39m New AndroidUiautomator2Driver session created successfully, session 0d2d6cb8-3cc6-49e4-b7c5-fdc091643e37 added to master session list
[35m[HTTP][39m [37m<-- POST /wd/hub/session [39m[32m200[39m [90m10861 ms - 1147[39m
[35m[HTTP][39m [90m[39m
[35m[HTTP][39m [37m-->[39m [37mGET[39m [37m/wd/hub/session/0d2d6cb8-3cc6-49e4-b7c5-fdc091643e37[39m
[35m[HTTP][39m [90m{}[39m
[35m[HTTP][39m [37m<-- GET /wd/hub/session/0d2d6cb8-3cc6-49e4-b7c5-fdc091643e37 [39m[32m200[39m [90m12 ms - 1101[39m
[35m[HTTP][39m [90m[39m
[35m[HTTP][39m [37m-->[39m [37mGET[39m [37m/wd/hub/session/0d2d6cb8-3cc6-49e4-b7c5-fdc091643e37[39m
[35m[HTTP][39m [90m{}[39m
[35m[HTTP][39m [37m<-- GET /wd/hub/session/0d2d6cb8-3cc6-49e4-b7c5-fdc091643e37 [39m[32m200[39m [90m18 ms - 1101[39m
[35m[HTTP][39m [90m[39m
[35m[HTTP][39m [37m-->[39m [37mGET[39m [37m/wd/hub/status[39m
[35m[HTTP][39m [90m{}[39m
[35m[HTTP][39m [37m<-- GET /wd/hub/status [39m[32m200[39m [90m1 ms - 68[39m
[35m[HTTP][39m [90m[39m
[35m[HTTP][39m [37m-->[39m [37mPOST[39m [37m/wd/hub/session/0d2d6cb8-3cc6-49e4-b7c5-fdc091643e37/timeouts[39m
[35m[HTTP][39m [90m{"implicit":60000}[39m
[35m[HTTP][39m [37m<-- POST /wd/hub/session/0d2d6cb8-3cc6-49e4-b7c5-fdc091643e37/timeouts [39m[32m200[39m [90m4 ms - 14[39m
[35m[HTTP][39m [90m[39m
[35m[HTTP][39m [37m-->[39m [37mGET[39m [37m/wd/hub/session/0d2d6cb8-3cc6-49e4-b7c5-fdc091643e37/screenshot[39m
[35m[HTTP][39m [90m{}[39m
[35m[HTTP][39m [37m<-- GET /wd/hub/session/0d2d6cb8-3cc6-49e4-b7c5-fdc091643e37/screenshot [39m[32m200[39m [90m369 ms - 298514[39m
[35m[HTTP][39m [90m[39m
[35m[HTTP][39m [37m-->[39m [37mGET[39m [37m/wd/hub/session/0d2d6cb8-3cc6-49e4-b7c5-fdc091643e37/window/rect[39m
[35m[HTTP][39m [90m{}[39m
[35m[HTTP][39m [37m<-- GET /wd/hub/session/0d2d6cb8-3cc6-49e4-b7c5-fdc091643e37/window/rect [39m[32m200[39m [90m24 ms - 50[39m
[35m[HTTP][39m [90m[39m
[35m[HTTP][39m [37m-->[39m [37mGET[39m [37m/wd/hub/session/0d2d6cb8-3cc6-49e4-b7c5-fdc091643e37/appium/device/system_bars[39m
[35m[HTTP][39m [90m{}[39m
[35m[HTTP][39m [37m<-- GET /wd/hub/session/0d2d6cb8-3cc6-49e4-b7c5-fdc091643e37/appium/device/system_bars [39m[31m500[39m [90m147 ms - 671[39m
[35m[HTTP][39m [90m[39m
[35m[HTTP][39m [37m-->[39m [37mPOST[39m [37m/wd/hub/session/0d2d6cb8-3cc6-49e4-b7c5-fdc091643e37/execute/sync[39m
[35m[HTTP][39m [90m{"script":"mobile:viewportRect","args":[]}[39m
[35m[AndroidDriver][39m Executing native command 'mobile:viewportRect'
[35m[HTTP][39m [37m<-- POST /wd/hub/session/0d2d6cb8-3cc6-49e4-b7c5-fdc091643e37/execute/sync [39m[32m200[39m [90m15 ms - 56[39m
[35m[HTTP][39m [90m[39m
[35m[HTTP][39m [37m-->[39m [37mPOST[39m [37m/wd/hub/session/0d2d6cb8-3cc6-49e4-b7c5-fdc091643e37/appium/device/activate_app[39m
[35m[HTTP][39m [90m{"bundleId":"id.valuemax.customer.staging"}[39m
[35m[HTTP][39m [37m<-- POST /wd/hub/session/0d2d6cb8-3cc6-49e4-b7c5-fdc091643e37/appium/device/activate_app [39m[32m200[39m [90m410 ms - 14[39m
[35m[HTTP][39m [90m[39m
[35m[HTTP][39m [37m-->[39m [37mGET[39m [37m/wd/hub/session/0d2d6cb8-3cc6-49e4-b7c5-fdc091643e37/source[39m
[35m[HTTP][39m [90m{}[39m
[35m[W3C (0d2d6cb8)][39m Driver proxy active, passing request on via HTTP proxy
[35m[WD Proxy][39m Replacing sessionId 3c1d70a9-30a9-4c89-b365-1affe3e4d040 with 0d2d6cb8-3cc6-49e4-b7c5-fdc091643e37
[35m[HTTP][39m [37m<-- GET /wd/hub/session/0d2d6cb8-3cc6-49e4-b7c5-fdc091643e37/source [39m[32m200[39m [90m1293 ms - 11057[39m
[35m[HTTP][39m [90m[39m
[35m[HTTP][39m [37m-->[39m [37mGET[39m [37m/wd/hub/session/0d2d6cb8-3cc6-49e4-b7c5-fdc091643e37/screenshot[39m
[35m[HTTP][39m [90m{}[39m
[35m[HTTP][39m [37m<-- GET /wd/hub/session/0d2d6cb8-3cc6-49e4-b7c5-fdc091643e37/screenshot [39m[32m200[39m [90m494 ms - 478772[39m
[35m[HTTP][39m [90m[39m
[35m[HTTP][39m [37m-->[39m [37mPOST[39m [37m/wd/hub/session/0d2d6cb8-3cc6-49e4-b7c5-fdc091643e37/elements[39m
[35m[HTTP][39m [90m{"using":"xpath","value":"//*[@class = 'android.widget.EditText' and @resource-id = '' and (@text = '' or . = '')]"}[39m
[35m[HTTP][39m [37m<-- POST /wd/hub/session/0d2d6cb8-3cc6-49e4-b7c5-fdc091643e37/elements [39m[32m200[39m [90m199 ms - 1035[39m
[35m[HTTP][39m [90m[39m
[35m[HTTP][39m [37m-->[39m [37mPOST[39m [37m/wd/hub/session/0d2d6cb8-3cc6-49e4-b7c5-fdc091643e37/elements[39m
[35m[HTTP][39m [90m{"using":"-android uiautomator","value":"new UiSelector().className(\"android.widget.EditText\").resourceId(\"\")"}[39m
[35m[HTTP][39m [37m<-- POST /wd/hub/session/0d2d6cb8-3cc6-49e4-b7c5-fdc091643e37/elements [39m[32m200[39m [90m39 ms - 1035[39m
[35m[HTTP][39m [90m[39m
[35m[HTTP][39m [37m-->[39m [37mPOST[39m [37m/wd/hub/session/0d2d6cb8-3cc6-49e4-b7c5-fdc091643e37/elements[39m
[35m[HTTP][39m [90m{"using":"xpath","value":"//*[@class = 'android.widget.EditText' and @resource-id = '' and (@text = '' or . = '')]"}[39m
[35m[HTTP][39m [37m<-- POST /wd/hub/session/0d2d6cb8-3cc6-49e4-b7c5-fdc091643e37/elements [39m[32m200[39m [90m143 ms - 1035[39m
[35m[HTTP][39m [90m[39m
[35m[HTTP][39m [37m-->[39m [37mPOST[39m [37m/wd/hub/session/0d2d6cb8-3cc6-49e4-b7c5-fdc091643e37/elements[39m
[35m[HTTP][39m [90m{"using":"-android uiautomator","value":"new UiSelector().className(\"android.widget.EditText\").resourceId(\"\")"}[39m
[35m[HTTP][39m [37m<-- POST /wd/hub/session/0d2d6cb8-3cc6-49e4-b7c5-fdc091643e37/elements [39m[32m200[39m [90m59 ms - 1035[39m
[35m[HTTP][39m [90m[39m
[35m[HTTP][39m [37m-->[39m [37mGET[39m [37m/wd/hub/session/0d2d6cb8-3cc6-49e4-b7c5-fdc091643e37/source[39m
[35m[HTTP][39m [90m{}[39m
[35m[W3C (0d2d6cb8)][39m Driver proxy active, passing request on via HTTP proxy
[35m[WD Proxy][39m Replacing sessionId 3c1d70a9-30a9-4c89-b365-1affe3e4d040 with 0d2d6cb8-3cc6-49e4-b7c5-fdc091643e37
[35m[HTTP][39m [37m<-- GET /wd/hub/session/0d2d6cb8-3cc6-49e4-b7c5-fdc091643e37/source [39m[32m200[39m [90m736 ms - 11058[39m
[35m[HTTP][39m [90m[39m
[35m[HTTP][39m [37m-->[39m [37mGET[39m [37m/wd/hub/session/0d2d6cb8-3cc6-49e4-b7c5-fdc091643e37/screenshot[39m
[35m[HTTP][39m [90m{}[39m
[35m[HTTP][39m [37m<-- GET /wd/hub/session/0d2d6cb8-3cc6-49e4-b7c5-fdc091643e37/screenshot [39m[32m200[39m [90m587 ms - 472996[39m
[35m[HTTP][39m [90m[39m
[35m[HTTP][39m [37m-->[39m [37mGET[39m [37m/wd/hub/session/0d2d6cb8-3cc6-49e4-b7c5-fdc091643e37/source[39m
[35m[HTTP][39m [90m{}[39m
[35m[W3C (0d2d6cb8)][39m Driver proxy active, passing request on via HTTP proxy
[35m[WD Proxy][39m Replacing sessionId 3c1d70a9-30a9-4c89-b365-1affe3e4d040 with 0d2d6cb8-3cc6-49e4-b7c5-fdc091643e37
[35m[HTTP][39m [37m<-- GET /wd/hub/session/0d2d6cb8-3cc6-49e4-b7c5-fdc091643e37/source [39m[32m200[39m [90m62 ms - 11058[39m
[35m[HTTP][39m [90m[39m
[35m[HTTP][39m [37m-->[39m [37mGET[39m [37m/wd/hub/session/0d2d6cb8-3cc6-49e4-b7c5-fdc091643e37/screenshot[39m
[35m[HTTP][39m [90m{}[39m
[35m[HTTP][39m [37m<-- GET /wd/hub/session/0d2d6cb8-3cc6-49e4-b7c5-fdc091643e37/screenshot [39m[32m200[39m [90m558 ms - 472800[39m
[35m[HTTP][39m [90m[39m
[35m[HTTP][39m [37m-->[39m [37mPOST[39m [37m/wd/hub/session/0d2d6cb8-3cc6-49e4-b7c5-fdc091643e37/elements[39m
[35m[HTTP][39m [90m{"using":"xpath","value":"//*[@class = 'android.widget.EditText' and @resource-id = '' and (@text = '' or . = '')]"}[39m
[35m[HTTP][39m [37m<-- POST /wd/hub/session/0d2d6cb8-3cc6-49e4-b7c5-fdc091643e37/elements [39m[32m200[39m [90m518 ms - 1035[39m
[35m[HTTP][39m [90m[39m
[35m[HTTP][39m [37m-->[39m [37mPOST[39m [37m/wd/hub/session/0d2d6cb8-3cc6-49e4-b7c5-fdc091643e37/elements[39m
[35m[HTTP][39m [90m{"using":"-android uiautomator","value":"new UiSelector().className(\"android.widget.EditText\").resourceId(\"\")"}[39m
[35m[HTTP][39m [37m<-- POST /wd/hub/session/0d2d6cb8-3cc6-49e4-b7c5-fdc091643e37/elements [39m[32m200[39m [90m74 ms - 1035[39m
[35m[HTTP][39m [90m[39m
[35m[HTTP][39m [37m-->[39m [37mGET[39m [37m/wd/hub/session/0d2d6cb8-3cc6-49e4-b7c5-fdc091643e37/source[39m
[35m[HTTP][39m [90m{}[39m
[35m[W3C (0d2d6cb8)][39m Driver proxy active, passing request on via HTTP proxy
[35m[WD Proxy][39m Replacing sessionId 3c1d70a9-30a9-4c89-b365-1affe3e4d040 with 0d2d6cb8-3cc6-49e4-b7c5-fdc091643e37
[35m[HTTP][39m [37m<-- GET /wd/hub/session/0d2d6cb8-3cc6-49e4-b7c5-fdc091643e37/source [39m[32m200[39m [90m79 ms - 11060[39m
[35m[HTTP][39m [90m[39m
[35m[HTTP][39m [37m-->[39m [37mGET[39m [37m/wd/hub/session/0d2d6cb8-3cc6-49e4-b7c5-fdc091643e37/screenshot[39m
[35m[HTTP][39m [90m{}[39m
[35m[HTTP][39m [37m<-- GET /wd/hub/session/0d2d6cb8-3cc6-49e4-b7c5-fdc091643e37/screenshot [39m[32m200[39m [90m565 ms - 464434[39m
[35m[HTTP][39m [90m[39m
[35m[HTTP][39m [37m-->[39m [37mPOST[39m [37m/wd/hub/session/0d2d6cb8-3cc6-49e4-b7c5-fdc091643e37/elements[39m
[35m[HTTP][39m [90m{"using":"xpath","value":"//*[@class = 'android.widget.EditText' and @resource-id = '' and (@text = '' or . = '')]"}[39m
[35m[HTTP][39m [37m<-- POST /wd/hub/session/0d2d6cb8-3cc6-49e4-b7c5-fdc091643e37/elements [39m[32m200[39m [90m581 ms - 1035[39m
[35m[HTTP][39m [90m[39m
[35m[HTTP][39m [37m-->[39m [37mPOST[39m [37m/wd/hub/session/0d2d6cb8-3cc6-49e4-b7c5-fdc091643e37/elements[39m
[35m[HTTP][39m [90m{"using":"-android uiautomator","value":"new UiSelector().className(\"android.widget.EditText\").resourceId(\"\")"}[39m
[35m[HTTP][39m [37m<-- POST /wd/hub/session/0d2d6cb8-3cc6-49e4-b7c5-fdc091643e37/elements [39m[32m200[39m [90m71 ms - 1035[39m
[35m[HTTP][39m [90m[39m
[35m[HTTP][39m [37m-->[39m [37mGET[39m [37m/wd/hub/session/0d2d6cb8-3cc6-49e4-b7c5-fdc091643e37/source[39m
[35m[HTTP][39m [90m{}[39m
[35m[W3C (0d2d6cb8)][39m Driver proxy active, passing request on via HTTP proxy
[35m[WD Proxy][39m Replacing sessionId 3c1d70a9-30a9-4c89-b365-1affe3e4d040 with 0d2d6cb8-3cc6-49e4-b7c5-fdc091643e37
[35m[HTTP][39m [37m<-- GET /wd/hub/session/0d2d6cb8-3cc6-49e4-b7c5-fdc091643e37/source [39m[32m200[39m [90m92 ms - 16339[39m
[35m[HTTP][39m [90m[39m
[35m[HTTP][39m [37m-->[39m [37mGET[39m [37m/wd/hub/session/0d2d6cb8-3cc6-49e4-b7c5-fdc091643e37/screenshot[39m
[35m[HTTP][39m [90m{}[39m
[35m[HTTP][39m [37m<-- GET /wd/hub/session/0d2d6cb8-3cc6-49e4-b7c5-fdc091643e37/screenshot [39m[32m200[39m [90m835 ms - 490592[39m
[35m[HTTP][39m [90m[39m
[35m[HTTP][39m [37m-->[39m [37mPOST[39m [37m/wd/hub/session/0d2d6cb8-3cc6-49e4-b7c5-fdc091643e37/elements[39m
[35m[HTTP][39m [90m{"using":"xpath","value":"//*[@class = 'android.widget.EditText' and @resource-id = '' and (@text = '' or . = '')]"}[39m
[35m[HTTP][39m [37m<-- POST /wd/hub/session/0d2d6cb8-3cc6-49e4-b7c5-fdc091643e37/elements [39m[32m200[39m [90m336 ms - 779[39m
[35m[HTTP][39m [90m[39m
[35m[HTTP][39m [37m-->[39m [37mPOST[39m [37m/wd/hub/session/0d2d6cb8-3cc6-49e4-b7c5-fdc091643e37/elements[39m
[35m[HTTP][39m [90m{"using":"-android uiautomator","value":"new UiSelector().className(\"android.widget.EditText\").resourceId(\"\")"}[39m
[35m[HTTP][39m [37m<-- POST /wd/hub/session/0d2d6cb8-3cc6-49e4-b7c5-fdc091643e37/elements [39m[32m200[39m [90m71 ms - 779[39m
[35m[HTTP][39m [90m[39m
[35m[HTTP][39m [37m-->[39m [37mGET[39m [37m/wd/hub/session/0d2d6cb8-3cc6-49e4-b7c5-fdc091643e37/source[39m
[35m[HTTP][39m [90m{}[39m
[35m[W3C (0d2d6cb8)][39m Driver proxy active, passing request on via HTTP proxy
[35m[WD Proxy][39m Replacing sessionId 3c1d70a9-30a9-4c89-b365-1affe3e4d040 with 0d2d6cb8-3cc6-49e4-b7c5-fdc091643e37
[35m[HTTP][39m [37m<-- GET /wd/hub/session/0d2d6cb8-3cc6-49e4-b7c5-fdc091643e37/source [39m[32m200[39m [90m85 ms - 16340[39m
[35m[HTTP][39m [90m[39m
[35m[HTTP][39m [37m-->[39m [37mGET[39m [37m/wd/hub/session/0d2d6cb8-3cc6-49e4-b7c5-fdc091643e37/screenshot[39m
[35m[HTTP][39m [90m{}[39m
[35m[HTTP][39m [37m<-- GET /wd/hub/session/0d2d6cb8-3cc6-49e4-b7c5-fdc091643e37/screenshot [39m[32m200[39m [90m499 ms - 489594[39m
[35m[HTTP][39m [90m[39m
[35m[HTTP][39m [37m-->[39m [37mPOST[39m [37m/wd/hub/session/0d2d6cb8-3cc6-49e4-b7c5-fdc091643e37/elements[39m
[35m[HTTP][39m [90m{"using":"xpath","value":"//*[@class = 'android.widget.EditText' and @resource-id = '' and (@text = '' or . = '')]"}[39m
[35m[HTTP][39m [37m<-- POST /wd/hub/session/0d2d6cb8-3cc6-49e4-b7c5-fdc091643e37/elements [39m[32m200[39m [90m129 ms - 779[39m
[35m[HTTP][39m [90m[39m
[35m[HTTP][39m [37m-->[39m [37mPOST[39m [37m/wd/hub/session/0d2d6cb8-3cc6-49e4-b7c5-fdc091643e37/elements[39m
[35m[HTTP][39m [90m{"using":"-android uiautomator","value":"new UiSelector().className(\"android.widget.EditText\").resourceId(\"\")"}[39m
[35m[HTTP][39m [37m<-- POST /wd/hub/session/0d2d6cb8-3cc6-49e4-b7c5-fdc091643e37/elements [39m[32m200[39m [90m42 ms - 779[39m
[35m[HTTP][39m [90m[39m
[35m[HTTP][39m [37m-->[39m [37mPOST[39m [37m/wd/hub/session/0d2d6cb8-3cc6-49e4-b7c5-fdc091643e37/elements[39m
[35m[HTTP][39m [90m{"using":"xpath","value":"//*[@class = 'android.widget.EditText' and @resource-id = '' and (@text = '' or . = '')]"}[39m
[35m[HTTP][39m [37m<-- POST /wd/hub/session/0d2d6cb8-3cc6-49e4-b7c5-fdc091643e37/elements [39m[32m200[39m [90m128 ms - 779[39m
[35m[HTTP][39m [90m[39m
[35m[HTTP][39m [37m-->[39m [37mPOST[39m [37m/wd/hub/session/0d2d6cb8-3cc6-49e4-b7c5-fdc091643e37/elements[39m
[35m[HTTP][39m [90m{"using":"-android uiautomator","value":"new UiSelector().className(\"android.widget.EditText\").resourceId(\"\")"}[39m
[35m[HTTP][39m [37m<-- POST /wd/hub/session/0d2d6cb8-3cc6-49e4-b7c5-fdc091643e37/elements [39m[32m200[39m [90m51 ms - 779[39m
[35m[HTTP][39m [90m[39m
[35m[HTTP][39m [37m-->[39m [37mDELETE[39m [37m/wd/hub/session/0d2d6cb8-3cc6-49e4-b7c5-fdc091643e37[39m
[35m[HTTP][39m [90m{}[39m
[35m[Appium][39m Removing session 0d2d6cb8-3cc6-49e4-b7c5-fdc091643e37 from our master session list
[35m[UiAutomator2][39m Did not get confirmation UiAutomator2 deleteSession worked; Error was: UnknownError: An unknown server-side error occurred while processing the command. Original error: 'DELETE /' cannot be proxied to UiAutomator2 server because the instrumentation process is not running (probably crashed). Check the server log and/or the logcat output for more details
[35m[UiAutomator2][39m Unable to remove system port forward: Error executing adbExec. Original error: 'Command 'C:\\Users\\fakhr\\.katalon\\tools\\android_sdk\\platform-tools\\platform-tools\\adb.exe -P 5037 -s adcb0c2a forward --remove tcp\:8268' exited with code 1'; Command output: adb.exe: error: listener 'tcp:8268' not found
[35m[UiAutomator2][39m 
[35m[UiAutomator2][39m Restoring hidden api policy to the device default configuration
[35m[HTTP][39m [37m<-- DELETE /wd/hub/session/0d2d6cb8-3cc6-49e4-b7c5-fdc091643e37 [39m[32m200[39m [90m314 ms - 14[39m
[35m[HTTP][39m [90m[39m
